#
# There is insufficient memory for the Java Runtime Environment to continue.
# Native memory allocation (malloc) failed to allocate 1048576 bytes for AllocateHeap
# Possible reasons:
#   The system is out of physical RAM or swap space
#   The process is running with CompressedOops enabled, and the Java Heap may be blocking the growth of the native heap
# Possible solutions:
#   Reduce memory load on the system
#   Increase physical memory or swap space
#   Check if swap backing store is full
#   Decrease Java heap size (-Xmx/-Xms)
#   Decrease number of Java threads
#   Decrease Java thread stack sizes (-Xss)
#   Set larger code cache with -XX:ReservedCodeCacheSize=
#   JVM is running with Unscaled Compressed Oops mode in which the Java heap is
#     placed in the first 4GB address space. The Java Heap base address is the
#     maximum limit for the native heap growth. Please use -XX:HeapBaseMinAddress
#     to set the Java Heap base and to place the Java Heap above 4GB virtual address.
# This output file may be truncated or incomplete.
#
#  Out of Memory Error (allocation.cpp:44), pid=30888, tid=27852
#
# JRE version:  (20.0.2+9) (build )
# Java VM: Java HotSpot(TM) 64-Bit Server VM (20.0.2+9-78, mixed mode, sharing, tiered, compressed oops, compressed class ptrs, g1 gc, windows-amd64)
# No core dump will be written. Minidumps are not enabled by default on client versions of Windows
#

---------------  S U M M A R Y ------------

Command Line: 

Host: Intel(R) Xeon(R) CPU E5-2650 v4 @ 2.20GHz, 24 cores, 31G,  Windows 10 , 64 bit Build 19041 (10.0.19041.3155)
Time: Sun Aug 20 20:46:11 2023 Hora oficial do Brasil elapsed time: 0.318935 seconds (0d 0h 0m 0s)

---------------  T H R E A D  ---------------

Current thread (0x0000015e5d513310):  JavaThread "Unknown thread" [_thread_in_vm, id=27852, stack(0x0000005105300000,0x0000005105400000)]

Stack: [0x0000005105300000,0x0000005105400000]
Native frames: (J=compiled Java code, j=interpreted, Vv=VM code, C=native code)
V  [jvm.dll+0x6bc25a]
V  [jvm.dll+0x84971a]
V  [jvm.dll+0x84b315]
V  [jvm.dll+0x84ba13]
V  [jvm.dll+0x280e4f]
V  [jvm.dll+0xbce65]
V  [jvm.dll+0x3294c5]
V  [jvm.dll+0x8123aa]
V  [jvm.dll+0x3c1261]
V  [jvm.dll+0x7fe103]
V  [jvm.dll+0x44ccaf]
V  [jvm.dll+0x44e621]
C  [jli.dll+0x5287]
C  [ucrtbase.dll+0x21bb2]
C  [KERNEL32.DLL+0x17614]
C  [ntdll.dll+0x526b1]


---------------  P R O C E S S  ---------------

Threads class SMR info:
_java_thread_list=0x00007ffc1e55b118, length=0, elements={
}

Java Threads: ( => current thread )

Other Threads:

=>0x0000015e5d513310 (exited) JavaThread "Unknown thread" [_thread_in_vm, id=27852, stack(0x0000005105300000,0x0000005105400000)]

Threads with active compile tasks:

VM state: not at safepoint (not fully initialized)

VM Mutex/Monitor currently owned by a thread: None

Heap address: 0x0000000000000000, size: 0 MB, Compressed Oops mode: 32-bit

CDS archive(s) mapped at: [0x0000000000000000-0x0000000000000000-0x0000000000000000), size 0, SharedBaseAddress: 0x0000000800000000, ArchiveRelocationMode: 1.
Narrow klass base: 0x0000000000000000, Narrow klass shift: 0, Narrow klass range: 0x0

GC Precious Log:
 CardTable entry size: 512
 Card Set container configuration: InlinePtr #cards 4 size 8 Array Of Cards #cards 32 size 80 Howl #buckets 8 coarsen threshold 7372 Howl Bitmap #cards 1024 size 144 coarsen threshold 921 Card regions per heap region 1 cards per card region 8192

GC Heap History (0 events):
No events

Dll operation events (1 events):
Event: 0.065 Loaded shared library C:\Program Files\Java\jdk-20\bin\java.dll

Deoptimization events (0 events):
No events

Classes loaded (0 events):
No events

Classes unloaded (0 events):
No events

Classes redefined (0 events):
No events

Internal exceptions (0 events):
No events

VM Operations (0 events):
No events

Events (0 events):
No events


Dynamic libraries:
0x00007ff670820000 - 0x00007ff670830000 	C:\Program Files\Java\jdk-20\bin\java.exe
0x00007ffc34850000 - 0x00007ffc34a48000 	C:\Windows\SYSTEM32\ntdll.dll
0x00007ffc34750000 - 0x00007ffc3480f000 	C:\Windows\System32\KERNEL32.DLL
0x00007ffc32460000 - 0x00007ffc32756000 	C:\Windows\System32\KERNELBASE.dll
0x00007ffc320b0000 - 0x00007ffc321b0000 	C:\Windows\System32\ucrtbase.dll
0x00007ffc1f630000 - 0x00007ffc1f649000 	C:\Program Files\Java\jdk-20\bin\jli.dll
0x00007ffc34090000 - 0x00007ffc3413f000 	C:\Windows\System32\ADVAPI32.dll
0x00007ffc33c30000 - 0x00007ffc33cce000 	C:\Windows\System32\msvcrt.dll
0x00007ffc34140000 - 0x00007ffc341dc000 	C:\Windows\System32\sechost.dll
0x00007ffc337e0000 - 0x00007ffc33906000 	C:\Windows\System32\RPCRT4.dll
0x00007ffc32d70000 - 0x00007ffc32f0d000 	C:\Windows\System32\USER32.dll
0x00007ffc321b0000 - 0x00007ffc321d2000 	C:\Windows\System32\win32u.dll
0x00007ffc328b0000 - 0x00007ffc328dc000 	C:\Windows\System32\GDI32.dll
0x00007ffc32340000 - 0x00007ffc32455000 	C:\Windows\System32\gdi32full.dll
0x00007ffc32010000 - 0x00007ffc320ad000 	C:\Windows\System32\msvcp_win.dll
0x00007ffc1e8b0000 - 0x00007ffc1eb4a000 	C:\Windows\WinSxS\amd64_microsoft.windows.common-controls_6595b64144ccf1df_6.0.19041.1110_none_60b5254171f9507e\COMCTL32.dll
0x00007ffc27ab0000 - 0x00007ffc27aba000 	C:\Windows\SYSTEM32\VERSION.dll
0x00007ffc1f650000 - 0x00007ffc1f66b000 	C:\Program Files\Java\jdk-20\bin\VCRUNTIME140.dll
0x00007ffc1f930000 - 0x00007ffc1f93c000 	C:\Program Files\Java\jdk-20\bin\vcruntime140_1.dll
0x00007ffc1e820000 - 0x00007ffc1e8ae000 	C:\Program Files\Java\jdk-20\bin\msvcp140.dll
0x00007ffc1da00000 - 0x00007ffc1e698000 	C:\Program Files\Java\jdk-20\bin\server\jvm.dll
0x00007ffc1f4f0000 - 0x00007ffc1f4f9000 	C:\Windows\SYSTEM32\WSOCK32.dll
0x00007ffc34020000 - 0x00007ffc3408b000 	C:\Windows\System32\WS2_32.dll
0x00007ffc25570000 - 0x00007ffc25597000 	C:\Windows\SYSTEM32\WINMM.dll
0x00007ffc2fdf0000 - 0x00007ffc2fe02000 	C:\Windows\SYSTEM32\kernel.appcore.dll
0x00007ffc1f4b0000 - 0x00007ffc1f4ba000 	C:\Program Files\Java\jdk-20\bin\jimage.dll
0x00007ffc1faf0000 - 0x00007ffc1fcd4000 	C:\Windows\SYSTEM32\DBGHELP.DLL
0x00007ffc1f940000 - 0x00007ffc1f974000 	C:\Windows\SYSTEM32\dbgcore.DLL
0x00007ffc31f30000 - 0x00007ffc31fb2000 	C:\Windows\System32\bcryptPrimitives.dll
0x00007ffc1d8f0000 - 0x00007ffc1d916000 	C:\Program Files\Java\jdk-20\bin\java.dll

dbghelp: loaded successfully - version: 4.0.5 - missing functions: none
symbol engine: initialized successfully - sym options: 0x614 - pdb path: .;C:\Program Files\Java\jdk-20\bin;C:\Windows\SYSTEM32;C:\Windows\WinSxS\amd64_microsoft.windows.common-controls_6595b64144ccf1df_6.0.19041.1110_none_60b5254171f9507e;C:\Program Files\Java\jdk-20\bin\server

VM Arguments:
java_command: <unknown>
java_class_path (initial): <not set>
Launcher Type: SUN_STANDARD

[Global flags]
     intx CICompilerCount                          = 12                                        {product} {ergonomic}
     uint ConcGCThreads                            = 5                                         {product} {ergonomic}
     uint G1ConcRefinementThreads                  = 18                                        {product} {ergonomic}
   size_t G1HeapRegionSize                         = 4194304                                   {product} {ergonomic}
    uintx GCDrainStackTargetSize                   = 64                                        {product} {ergonomic}
   size_t InitialHeapSize                          = 536870912                                 {product} {ergonomic}
   size_t MarkStackSize                            = 4194304                                   {product} {ergonomic}
   size_t MaxHeapSize                              = 8568963072                                {product} {ergonomic}
   size_t MinHeapDeltaBytes                        = 4194304                                   {product} {ergonomic}
   size_t MinHeapSize                              = 8388608                                   {product} {ergonomic}
    uintx NonNMethodCodeHeapSize                   = 7602480                                {pd product} {ergonomic}
    uintx NonProfiledCodeHeapSize                  = 122027880                              {pd product} {ergonomic}
    uintx ProfiledCodeHeapSize                     = 122027880                              {pd product} {ergonomic}
    uintx ReservedCodeCacheSize                    = 251658240                              {pd product} {ergonomic}
     bool SegmentedCodeCache                       = true                                      {product} {ergonomic}
   size_t SoftMaxHeapSize                          = 8568963072                             {manageable} {ergonomic}
     bool UseCompressedClassPointers               = true                           {product lp64_product} {ergonomic}
     bool UseCompressedOops                        = true                           {product lp64_product} {ergonomic}
     bool UseG1GC                                  = true                                      {product} {ergonomic}
     bool UseLargePagesIndividualAllocation        = false                                  {pd product} {ergonomic}

Logging:
Log output configuration:
 #0: stdout all=warning uptime,level,tags foldmultilines=false
 #1: stderr all=off uptime,level,tags foldmultilines=false

Environment Variables:
PATH=C:\Program Files\Common Files\Oracle\Java\javapath;C:\Program Files (x86)\Common Files\Oracle\Java\javapath;C:\Program Files (x86)\NVIDIA Corporation\PhysX\Common;C:\Windows\system32;C:\Windows;C:\Windows\System32\Wbem;C:\Windows\System32\WindowsPowerShell\v1.0\;C:\Windows\System32\OpenSSH\;C:\Program Files\Git\cmd;C:\PHP\v8.2.6;C:\ProgramData\ComposerSetup\bin;C:\Users\Weverton\AppData\Roaming\nvm;C:\Program Files\nodejs;C:\Users\Weverton\AppData\Local\Microsoft\WindowsApps;C:\Users\Weverton\AppData\Roaming\Composer\vendor\bin;C:\Users\Weverton\AppData\Roaming\nvm;C:\Program Files\nodejs;C:\Users\Weverton\AppData\Local\Programs\Microsoft VS Code\bin;c:\Users\Weverton\AppData\Local\Programs\cursor\resources\app\bin;C:\Program Files (x86)\ATI Technologies\ATI.ACE\Core-Static;C:\ProgramData\chocolatey\bin;;C:\Program Files\Certbot\bin;C:\Program Files (x86)\Windows Kits\10\Windows Performance Toolkit\;C:\Windows\system32\config\systemprofile\AppData\Local\Microsoft\WindowsApps
USERNAME=WEVERTON-PC$
OS=Windows_NT
PROCESSOR_IDENTIFIER=Intel64 Family 6 Model 79 Stepping 1, GenuineIntel
TMP=C:\Windows\TEMP
TEMP=C:\Windows\TEMP




---------------  S Y S T E M  ---------------

OS:
 Windows 10 , 64 bit Build 19041 (10.0.19041.3155)
OS uptime: 1 days 3:16 hours

CPU: total 24 (initial active 24) (12 cores per cpu, 2 threads per core) family 6 model 79 stepping 1 microcode 0xb000031, cx8, cmov, fxsr, ht, mmx, 3dnowpref, sse, sse2, sse3, ssse3, sse4.1, sse4.2, popcnt, lzcnt, tsc, tscinvbit, avx, avx2, aes, erms, clmul, bmi1, bmi2, rtm, adx, fma, vzeroupper, clflush, rdtscp, f16c

Memory: 4k page, system-wide physical 32683M (12888M free)
TotalPageFile size 54755M (AvailPageFile size 34M)
current process WorkingSet (physical memory assigned to process): 9M, peak: 9M
current process commit charge ("private bytes"): 18M, peak: 18M

vm_info: Java HotSpot(TM) 64-Bit Server VM (20.0.2+9-78) for windows-amd64 JRE (20.0.2+9-78), built on 2023-06-14T10:08:48Z by "mach5one" with MS VC++ 17.1 (VS2022)

END.
